mode: set
github.com/sohlich/healthcheck/healthcheck.go:39.46,49.2 2 1
github.com/sohlich/healthcheck/healthcheck.go:51.50,52.29 1 1
github.com/sohlich/healthcheck/healthcheck.go:56.2,57.34 2 1
github.com/sohlich/healthcheck/healthcheck.go:80.2,80.12 1 1
github.com/sohlich/healthcheck/healthcheck.go:52.29,54.3 1 1
github.com/sohlich/healthcheck/healthcheck.go:57.34,58.7 1 1
github.com/sohlich/healthcheck/healthcheck.go:58.7,60.11 2 1
github.com/sohlich/healthcheck/healthcheck.go:61.4,63.11 2 1
github.com/sohlich/healthcheck/healthcheck.go:64.4,67.45 3 1
github.com/sohlich/healthcheck/healthcheck.go:70.5,73.35 3 1
github.com/sohlich/healthcheck/healthcheck.go:76.5,76.25 1 1
github.com/sohlich/healthcheck/healthcheck.go:67.45,69.6 1 1
github.com/sohlich/healthcheck/healthcheck.go:73.35,75.6 1 1
github.com/sohlich/healthcheck/healthcheck.go:83.49,84.29 1 1
github.com/sohlich/healthcheck/healthcheck.go:87.2,88.12 2 1
github.com/sohlich/healthcheck/healthcheck.go:84.29,86.3 1 1
github.com/sohlich/healthcheck/healthcheck.go:91.81,95.2 3 1
github.com/sohlich/healthcheck/healthcheck.go:97.83,101.2 3 1
github.com/sohlich/healthcheck/healthcheck.go:103.81,107.2 3 1
github.com/sohlich/healthcheck/healthcheck.go:109.60,114.2 3 1
